


                          CTGCOMP OUTPUT SUMMARY
                   VERSION:  2.25         LEVEL:  070327      



 
 --------------------------
     SETUP Information
 --------------------------
 
 
 Control File Used -----
 ctgcomp2.inp                                                                                                                        
 
 File Names ------------
List File        : CTGCOMP2.LST                                                                                                                        
Input CTG File   : PORTLAND.CTG                                                                                                                        
COMPRESSED FILE  : PORTLAND.CMP                                                                                                                        
 
 CTG Data File Header Records
       570    757734       822    0  200    4   17   19    1   7874016      1973
    1    1  822  570    0  556   20    1  421   13  822   20  815  576  408  380
    430000    720000    440000    720000    440000    710000    440000    700000
    430000    700000    430000    710000    255500   4876100     84180          
PORTLAND, ME NH 1:250,000 QUAD LU PB CN HU                                      
 
 Compression Complete !
   Total Number of Records Read:  378872
   Total Number of Missing LU Categories:  321


  End of run -- Clock time: 22:40:16
                      Date: 06-27-2007

        Elapsed Clock Time:        1.0 (seconds)

                  CPU Time:        1.0 (seconds)
