


                          TERREL OUTPUT SUMMARY
                 VERSION:  3.684        LEVEL:  070327  



 Internal Coordinate Transformations by  ---  COORDLIB   Version: 1.98   Level: 060911    




 --------------------------
     SETUP Information
 --------------------------


 Control File Used -----
 terrel.inp                                                                                                                          

 Processing Options -----
 igrid   : Cartesian-Corner
 imodel  : CALMET          
 LXY     :  F

 Continuation Run?   :   F

 Interpolate voids?  :   F

 QA Threshold (%)    =            75

 Coastal processing? :   F

 Read BLN coast data?:   F

 Minimum elevation for noise & replacement option
   - ocean           =    0.0000000     ,            0
   - mainland        =    1.0000000     ,            0

 Default elevation & replacement option
   - ocean           =    0.0000000     ,            3
   - mainland        =    0.0000000     ,            0

 Terrain Data Input File Names -------------
 dbfile   :USGS90   PORTLAND.E                                                                                                                          
 dbfile   :USGS90   PORTLAND.W                                                                                                                          
 dbfile   :USGS90   LEWISTON.W                                                                                                                          
 dbfile   :USGS90   LEWISTON.E                                                                                                                          

 Default Datum-Region for each File Type --------
 USGS90 : WGS-72  
 USGS30 : NAS-C   
 ARM3   : NAS-C   
 3CD    : WGS-72  
 DMDF   : NAS-C   
 GTOPO30: WGS-84  
 USGSLA : ESR-S   
 SRTM1  : WGS-96  
 SRTM3  : WGS-96  
 NZGEN  : WGS-84  
 GEN    : WGS-84  
 Coastal Data
 WVS    : WGS-84  
 WDBII  : WGS-72  

 Output File Names -------------
 lstfil   : TERR1KM.LST                                                                                                                         
 pltfil   : QATERR.GRD                                                                                                                          
 outfil   : TERR1KM.DAT                                                                                                                         
 savefil  : TERR1KM.SAV                                                                                                                         

 Grid Info (for output) ---------------------
 datum      : NAS-C   
 pmap       : UTM     
 Hemisphere : N   
 UTM zone   :           19
 xorgk      :    310.00000    
 yorgk      :    4820.0000    
 sizek      :    1.0000000    
 nx         :           99
 ny         :           99

 --------------------------
       SPAN Results 
 --------------------------

 NLat,WLon  [SE] =    43.529339       70.126129    
 NLat,WLon  [SW] =    43.510715       71.350510    
 NLat,WLon  [NW] =    44.401318       71.385902    
 NLat,WLon  [NE] =    44.420525       70.143097    
 Output Grid Coordinates (km) 
  -- UTM Zone =           19
  [SE] =    409.00000       4820.0000    
  [SW] =    310.00000       4820.0000    
  [NW] =    310.00000       4919.0000    
  [NE] =    409.00000       4919.0000    

 --------------------------
   Data File Information
 --------------------------

 SE sheet starts at LONSEDB =           70
                    LATSEDB =           43
 Number of 1 Degree DEMs (NXDB) =            2
                         (NYDB) =            2
 Number of 30 Meter DEMs (N30X) =           10
                         (N30Y) =            8

 The following 1-degree data files are needed:
 43n070w.DEM
 43n071w.DEM
 44n070w.DEM
 44n071w.DEM

 The following SRTM data files are needed:
 n43w071.HGT
 n43w072.HGT
 n44w071.HGT
 n44w072.HGT

 The following GTOPO30 data files are needed:
 W100N90.DEM

 CELLIN:  No Previous Save File is Used
