 CALWRF Code ----- Version:v2.0.3           Level:190426          
Create 3D.DAT file for WRF output
calwrf.inp
calwrf.lst
test5.m3d
 Beg/End I/J/K:    -1    -1    -1    -1    -1    -1
 Beg/End Dates:  2009031407
 Beg/End Dates:  2009031408
  WRF Output files:           1
   1 WRF File: wrf_out/wrfout_d01_2009-03-14_00:00:00.nc
  Set 2D.DAT flag to 1:           1
  Default 2D.DAT filename:test5.m2d
  IOSRF (0-No 2D.DAT, 1-2D.DAT created):           1
 Processing WRF File:   1  wrf_out/wrfout_d01_2009-03-14_00:00:00.nc
  Open WRF netcdf file            1 : wrf_out/wrfout_d01_2009-03-14_00:00:00.nc
  truelat1,truelat2,stand_lon,cone,op_rot:
  -33.7210007      -33.7210007      -59.8339996      0.555149317     T
  Reset I/J/K ranges to:           1          99           1          99           1          44
 One-Hour less than idateb:  2009031407  2009031406
  x1dmn/y1dmn:  -1188.59985      -982.421631    
 Process:    7  2009-03-14_06:00:00    2009031406
 ioutw: 1
 ioutq: 1
 ioutc: 1
 iouti: 1
 ioutg: 1
 iosrf: 1

 Process:    8  2009-03-14_07:00:00    2009031407
Warning - 2D Outrange: Q2            42    99     7    0.0000E+00    0.5000E-01   -0.1689E-01
 Change to: 2009031407  Q2            42    99     7    0.8975E-02
Warning - 3D Outrange: 2009031407  TK            42    99     1     3    0.1500E+03    0.3300E+03    0.3367E+03
 Change to: 2009031407  TK            42    99     1     3    0.2953E+03
Warning - 3D Outrange: 2009031407  TK            26    99     5     3    0.1500E+03    0.3300E+03    0.3516E+03
 Change to: 2009031407  TK            26    99     5     3    0.2938E+03
Warning - 3D Outrange: 2009031407  TK            26    99     6     3    0.1500E+03    0.3300E+03    0.3479E+03
 Change to: 2009031407  TK            26    99     6     3    0.2967E+03
 Process:    9  2009-03-14_08:00:00    2009031408
Warning - 2D Outrange: Q2            42    99     7    0.0000E+00    0.5000E-01   -0.6996E-02
 Change to: 2009031408  Q2            42    99     7    0.9103E-02
Warning - 3D Outrange: 2009031408  TK            42    99     1     3    0.1500E+03    0.3300E+03    0.3314E+03
 Change to: 2009031408  TK            42    99     1     3    0.2960E+03
Warning - 3D Outrange: 2009031408  TK            26    99     5     3    0.1500E+03    0.3300E+03    0.3405E+03
 Change to: 2009031408  TK            26    99     5     3    0.2943E+03
Warning - 3D Outrange: 2009031408  TK            26    99     6     3    0.1500E+03    0.3300E+03    0.3374E+03
 Change to: 2009031408  TK            26    99     6     3    0.2965E+03
 Completed WRF file:            1  wrf_out/wrfout_d01_2009-03-14_00:00:00.nc
  CALWRF succeeded
